<?xml version="1.0" encoding="UTF-8"?>
<!-- Generated by org.testng.reporters.JUnitXMLReporter -->
<testsuite hostname="SILICUS215" name="General_test" tests="2" failures="0" timestamp="14 Sep 2017 13:32:47 GMT" time="72.997" errors="0">
  <testcase name="search_And_Open_Movie_Detail_Page" time="12.844" classname="testclasses.Search_And_Open_Movie_Detail_Page"/>
  <testcase name="rateUnratedMovie" time="25.423" classname="testclasses.Rate_Unrated_Movie"/>
</testsuite> <!-- General_test -->
