<?xml version="1.0" encoding="UTF-8"?>
<!-- Generated by org.testng.reporters.JUnitXMLReporter -->
<testsuite hostname="SILICUS215" name="Login_test" tests="3" failures="0" timestamp="12 Sep 2017 13:26:04 GMT" time="110.129" errors="0">
  <testcase name="compare_Movies_By_Rating" time="20.908" classname="testclasses.Compare_Movies_By_Rating"/>
  <testcase name="search_And_Open_Movie_Detail_Page" time="10.874" classname="testclasses.Search_And_Open_Movie_Detail_Page"/>
  <testcase name="play_Movie_Trailer" time="37.267" classname="testclasses.Play_Movie_Trailer"/>
</testsuite> <!-- Login_test -->
