<?xml version="1.0" encoding="UTF-8"?>
<testng-results skipped="0" failed="0" total="1" passed="1">
  <reporter-output>
  </reporter-output>
  <suite name="Default suite" duration-ms="44031" started-at="2017-09-14T13:20:44Z" finished-at="2017-09-14T13:21:29Z">
    <groups>
    </groups>
    <test name="Default test" duration-ms="44031" started-at="2017-09-14T13:20:44Z" finished-at="2017-09-14T13:21:29Z">
      <class name="testclasses.Rate_Unrated_Movie">
        <test-method status="PASS" signature="launchBrowser()[pri:0, instance:testclasses.Rate_Unrated_Movie@68c4039c]" name="launchBrowser" is-config="true" duration-ms="10294" started-at="2017-09-14T18:50:44Z" finished-at="2017-09-14T18:50:55Z">
          <reporter-output>
          </reporter-output>
        </test-method> <!-- launchBrowser -->
        <test-method status="PASS" signature="goToHomePage()[pri:0, instance:testclasses.Rate_Unrated_Movie@68c4039c]" name="goToHomePage" is-config="true" duration-ms="6483" started-at="2017-09-14T18:50:55Z" finished-at="2017-09-14T18:51:01Z">
          <reporter-output>
          </reporter-output>
        </test-method> <!-- goToHomePage -->
        <test-method status="PASS" signature="rateUnratedMovie()[pri:0, instance:testclasses.Rate_Unrated_Movie@68c4039c]" name="rateUnratedMovie" duration-ms="24910" started-at="2017-09-14T18:51:01Z" finished-at="2017-09-14T18:51:26Z">
          <reporter-output>
          </reporter-output>
        </test-method> <!-- rateUnratedMovie -->
        <test-method status="PASS" signature="quitBrowser()[pri:0, instance:testclasses.Rate_Unrated_Movie@68c4039c]" name="quitBrowser" is-config="true" duration-ms="2315" started-at="2017-09-14T18:51:26Z" finished-at="2017-09-14T18:51:29Z">
          <reporter-output>
          </reporter-output>
        </test-method> <!-- quitBrowser -->
      </class> <!-- testclasses.Rate_Unrated_Movie -->
    </test> <!-- Default test -->
  </suite> <!-- Default suite -->
</testng-results>
